<installation datetime="201301170956">
   <serialNumbers>
   </serialNumbers>
   <activationKeys>
   </activationKeys>
   <products>
      <product name="Code Coverage"                installed="false" fullyEnabled="false" build="UNKNOWN" />
      <product name="CodePro AnalytiX"             installed="false" fullyEnabled="false" build="UNKNOWN" />
      <product name="CodePro Analytix and PlusPak" installed="false" fullyEnabled="false" build="UNKNOWN" />
      <product name="CodePro PlusPak"              installed="false" fullyEnabled="false" build="UNKNOWN" />
      <product name="CodePro Profiler"             installed="false" fullyEnabled="false" build="UNKNOWN" />
      <product name="CodePro Server"               installed="false" fullyEnabled="false" build="UNKNOWN" />
      <product name="EclipsePro Audit"             installed="false" fullyEnabled="false" build="UNKNOWN" />
      <product name="EclipsePro Test"              installed="false" fullyEnabled="false" build="UNKNOWN" />
      <product name="GWT Designer"                 installed="false" fullyEnabled="false" build="UNKNOWN" />
      <product name="Help Composer"                installed="false" fullyEnabled="false" build="UNKNOWN" />
      <product name="RCP Developer"                installed="false" fullyEnabled="false" build="UNKNOWN" />
      <product name="RCP Packager"                 installed="false" fullyEnabled="false" build="UNKNOWN" />
      <product name="RIM Designer"                 installed="true"  fullyEnabled="true"  build="201301170956" />
      <product name="SWT Designer"                 installed="false" fullyEnabled="false" build="UNKNOWN" />
      <product name="Shared"                       installed="true"  fullyEnabled="true"  build="201007231308" />
      <product name="Swing Designer"               installed="false" fullyEnabled="false" build="UNKNOWN" />
      <product name="WindowBuilder"                installed="true"  fullyEnabled="false" build="201301170956" />
      <product name="WindowTester Pro"             installed="false" fullyEnabled="false" build="UNKNOWN" />
      <product name="WindowTester Runner"          installed="false" fullyEnabled="false" build="UNKNOWN" />
      <product name="WindowTester SWT"             installed="false" fullyEnabled="false" build="UNKNOWN" />
      <product name="WindowTester SWT Runner"      installed="false" fullyEnabled="false" build="UNKNOWN" />
      <product name="WindowTester Swing"           installed="false" fullyEnabled="false" build="UNKNOWN" />
      <product name="WindowTester Swing Runner"    installed="false" fullyEnabled="false" build="UNKNOWN" />
   </products>
</installation>
